<?xml version="1.0" encoding="UTF-8"?>
<testng-results skipped="1" failed="1" ignored="0" total="3" passed="1">
  <reporter-output>
  </reporter-output>
  <suite name="Default suite" duration-ms="96" started-at="2019-10-19T12:43:52 IST" finished-at="2019-10-19T12:43:52 IST">
    <groups>
    </groups>
    <test name="Default test" duration-ms="96" started-at="2019-10-19T12:43:52 IST" finished-at="2019-10-19T12:43:52 IST">
      <class name="BasicTestNGAnnotations.GroupChat">
        <test-method status="PASS" signature="beforeChatModule()[pri:0, instance:BasicTestNGAnnotations.GroupChat@6fc6f14e]" name="beforeChatModule" is-config="true" duration-ms="16" started-at="2019-10-19T12:43:52 IST" finished-at="2019-10-19T12:43:52 IST">
          <reporter-output>
          </reporter-output>
        </test-method> <!-- beforeChatModule -->
        <test-method status="PASS" signature="beforeClass()[pri:0, instance:BasicTestNGAnnotations.GroupChat@6fc6f14e]" name="beforeClass" is-config="true" duration-ms="0" started-at="2019-10-19T12:43:52 IST" finished-at="2019-10-19T12:43:52 IST">
          <reporter-output>
          </reporter-output>
        </test-method> <!-- beforeClass -->
        <test-method status="PASS" signature="preConditionForTestCase()[pri:0, instance:BasicTestNGAnnotations.GroupChat@6fc6f14e]" name="preConditionForTestCase" is-config="true" duration-ms="0" started-at="2019-10-19T12:43:52 IST" finished-at="2019-10-19T12:43:52 IST">
          <reporter-output>
          </reporter-output>
        </test-method> <!-- preConditionForTestCase -->
        <test-method status="SKIP" signature="test1()[pri:0, instance:BasicTestNGAnnotations.GroupChat@6fc6f14e]" name="test1" duration-ms="9" started-at="2019-10-19T12:43:52 IST" finished-at="2019-10-19T12:43:52 IST">
          <exception class="org.testng.SkipException">
            <message>
              <![CDATA[Group chat test case 1]]>
            </message>
            <full-stacktrace>
              <![CDATA[org.testng.SkipException: Group chat test case 1
at BasicTestNGAnnotations.GroupChat.test1(GroupChat.java:53)
at sun.reflect.NativeMethodAccessorImpl.invoke0(Native Method)
at sun.reflect.NativeMethodAccessorImpl.invoke(Unknown Source)
at sun.reflect.DelegatingMethodAccessorImpl.invoke(Unknown Source)
at java.lang.reflect.Method.invoke(Unknown Source)
at org.testng.internal.MethodInvocationHelper.invokeMethod(MethodInvocationHelper.java:133)
at org.testng.internal.TestInvoker.invokeMethod(TestInvoker.java:584)
at org.testng.internal.TestInvoker.invokeTestMethod(TestInvoker.java:172)
at org.testng.internal.MethodRunner.runInSequence(MethodRunner.java:46)
at org.testng.internal.TestInvoker$MethodInvocationAgent.invoke(TestInvoker.java:804)
at org.testng.internal.TestInvoker.invokeTestMethods(TestInvoker.java:145)
at org.testng.internal.TestMethodWorker.invokeTestMethods(TestMethodWorker.java:146)
at org.testng.internal.TestMethodWorker.run(TestMethodWorker.java:128)
at java.util.ArrayList.forEach(Unknown Source)
at org.testng.TestRunner.privateRun(TestRunner.java:770)
at org.testng.TestRunner.run(TestRunner.java:591)
at org.testng.SuiteRunner.runTest(SuiteRunner.java:402)
at org.testng.SuiteRunner.runSequentially(SuiteRunner.java:396)
at org.testng.SuiteRunner.privateRun(SuiteRunner.java:355)
at org.testng.SuiteRunner.run(SuiteRunner.java:304)
at org.testng.SuiteRunnerWorker.runSuite(SuiteRunnerWorker.java:53)
at org.testng.SuiteRunnerWorker.run(SuiteRunnerWorker.java:96)
at org.testng.TestNG.runSuitesSequentially(TestNG.java:1180)
at org.testng.TestNG.runSuitesLocally(TestNG.java:1102)
at org.testng.TestNG.runSuites(TestNG.java:1032)
at org.testng.TestNG.run(TestNG.java:1000)
at org.testng.remote.AbstractRemoteTestNG.run(AbstractRemoteTestNG.java:115)
at org.testng.remote.RemoteTestNG.initAndRun(RemoteTestNG.java:251)
at org.testng.remote.RemoteTestNG.main(RemoteTestNG.java:77)
]]>
            </full-stacktrace>
          </exception> <!-- org.testng.SkipException -->
          <reporter-output>
          </reporter-output>
        </test-method> <!-- test1 -->
        <test-method status="PASS" signature="preConditionForTestCase()[pri:0, instance:BasicTestNGAnnotations.GroupChat@6fc6f14e]" name="preConditionForTestCase" is-config="true" duration-ms="6" started-at="2019-10-19T12:43:52 IST" finished-at="2019-10-19T12:43:52 IST">
          <reporter-output>
          </reporter-output>
        </test-method> <!-- preConditionForTestCase -->
        <test-method status="PASS" signature="postConditionForTestCase()[pri:0, instance:BasicTestNGAnnotations.GroupChat@6fc6f14e]" name="postConditionForTestCase" is-config="true" duration-ms="0" started-at="2019-10-19T12:43:52 IST" finished-at="2019-10-19T12:43:52 IST">
          <reporter-output>
          </reporter-output>
        </test-method> <!-- postConditionForTestCase -->
        <test-method status="FAIL" signature="test2()[pri:0, instance:BasicTestNGAnnotations.GroupChat@6fc6f14e]" name="test2" duration-ms="1" started-at="2019-10-19T12:43:52 IST" finished-at="2019-10-19T12:43:52 IST">
          <exception class="java.lang.ArithmeticException">
            <message>
              <![CDATA[/ by zero]]>
            </message>
            <full-stacktrace>
              <![CDATA[java.lang.ArithmeticException: / by zero
at BasicTestNGAnnotations.GroupChat.test2(GroupChat.java:59)
at sun.reflect.NativeMethodAccessorImpl.invoke0(Native Method)
at sun.reflect.NativeMethodAccessorImpl.invoke(Unknown Source)
at sun.reflect.DelegatingMethodAccessorImpl.invoke(Unknown Source)
at java.lang.reflect.Method.invoke(Unknown Source)
at org.testng.internal.MethodInvocationHelper.invokeMethod(MethodInvocationHelper.java:133)
at org.testng.internal.TestInvoker.invokeMethod(TestInvoker.java:584)
at org.testng.internal.TestInvoker.invokeTestMethod(TestInvoker.java:172)
at org.testng.internal.MethodRunner.runInSequence(MethodRunner.java:46)
at org.testng.internal.TestInvoker$MethodInvocationAgent.invoke(TestInvoker.java:804)
at org.testng.internal.TestInvoker.invokeTestMethods(TestInvoker.java:145)
at org.testng.internal.TestMethodWorker.invokeTestMethods(TestMethodWorker.java:146)
at org.testng.internal.TestMethodWorker.run(TestMethodWorker.java:128)
at java.util.ArrayList.forEach(Unknown Source)
at org.testng.TestRunner.privateRun(TestRunner.java:770)
at org.testng.TestRunner.run(TestRunner.java:591)
at org.testng.SuiteRunner.runTest(SuiteRunner.java:402)
at org.testng.SuiteRunner.runSequentially(SuiteRunner.java:396)
at org.testng.SuiteRunner.privateRun(SuiteRunner.java:355)
at org.testng.SuiteRunner.run(SuiteRunner.java:304)
at org.testng.SuiteRunnerWorker.runSuite(SuiteRunnerWorker.java:53)
at org.testng.SuiteRunnerWorker.run(SuiteRunnerWorker.java:96)
at org.testng.TestNG.runSuitesSequentially(TestNG.java:1180)
at org.testng.TestNG.runSuitesLocally(TestNG.java:1102)
at org.testng.TestNG.runSuites(TestNG.java:1032)
at org.testng.TestNG.run(TestNG.java:1000)
at org.testng.remote.AbstractRemoteTestNG.run(AbstractRemoteTestNG.java:115)
at org.testng.remote.RemoteTestNG.initAndRun(RemoteTestNG.java:251)
at org.testng.remote.RemoteTestNG.main(RemoteTestNG.java:77)
]]>
            </full-stacktrace>
          </exception> <!-- java.lang.ArithmeticException -->
          <reporter-output>
          </reporter-output>
        </test-method> <!-- test2 -->
        <test-method status="PASS" signature="postConditionForTestCase()[pri:0, instance:BasicTestNGAnnotations.GroupChat@6fc6f14e]" name="postConditionForTestCase" is-config="true" duration-ms="1" started-at="2019-10-19T12:43:52 IST" finished-at="2019-10-19T12:43:52 IST">
          <reporter-output>
          </reporter-output>
        </test-method> <!-- postConditionForTestCase -->
        <test-method status="PASS" signature="preConditionForTestCase()[pri:0, instance:BasicTestNGAnnotations.GroupChat@6fc6f14e]" name="preConditionForTestCase" is-config="true" duration-ms="1" started-at="2019-10-19T12:43:52 IST" finished-at="2019-10-19T12:43:52 IST">
          <reporter-output>
          </reporter-output>
        </test-method> <!-- preConditionForTestCase -->
        <test-method status="PASS" signature="test3()[pri:0, instance:BasicTestNGAnnotations.GroupChat@6fc6f14e]" name="test3" duration-ms="1" started-at="2019-10-19T12:43:52 IST" finished-at="2019-10-19T12:43:52 IST">
          <reporter-output>
          </reporter-output>
        </test-method> <!-- test3 -->
        <test-method status="PASS" signature="afterClass()[pri:0, instance:BasicTestNGAnnotations.GroupChat@6fc6f14e]" name="afterClass" is-config="true" duration-ms="0" started-at="2019-10-19T12:43:52 IST" finished-at="2019-10-19T12:43:52 IST">
          <reporter-output>
          </reporter-output>
        </test-method> <!-- afterClass -->
        <test-method status="PASS" signature="postConditionForTestCase()[pri:0, instance:BasicTestNGAnnotations.GroupChat@6fc6f14e]" name="postConditionForTestCase" is-config="true" duration-ms="0" started-at="2019-10-19T12:43:52 IST" finished-at="2019-10-19T12:43:52 IST">
          <reporter-output>
          </reporter-output>
        </test-method> <!-- postConditionForTestCase -->
        <test-method status="PASS" signature="afterChatModule()[pri:0, instance:BasicTestNGAnnotations.GroupChat@6fc6f14e]" name="afterChatModule" is-config="true" duration-ms="0" started-at="2019-10-19T12:43:52 IST" finished-at="2019-10-19T12:43:52 IST">
          <reporter-output>
          </reporter-output>
        </test-method> <!-- afterChatModule -->
      </class> <!-- BasicTestNGAnnotations.GroupChat -->
    </test> <!-- Default test -->
  </suite> <!-- Default suite -->
</testng-results>
